[2025-07-04 21:53:54] Usuario 'admin' inició sesión
[2025-07-04 21:54:06] Usuario 'admin' ejecutó: playbook-con-roles.yml
[2025-07-04 21:54:58] Usuario 'admin' cerró sesión
[2025-07-04 21:56:22] Usuario 'admin' inició sesión
[2025-07-04 21:56:34] Usuario 'admin' ejecutó: site.yml
[2025-07-05 04:03:15] Usuario 'admin' ejecutó: playbook-con-roles.yml
[2025-07-05 04:17:55] Usuario 'admin' cerró sesión
[2025-07-05 04:17:57] Usuario 'admin' ejecutó: playbook-con-roles.yml
[2025-07-05 04:30:19] Usuario 'admin' inició sesión
[2025-07-05 04:31:10] Usuario 'admin' ejecutó: playbook-con-roles.yml
[2025-07-05 06:46:51] Usuario 'admin' inició sesión
[2025-07-05 06:47:20] Usuario 'admin' cerró sesión
[2025-07-05 14:59:35] Usuario 'admin' inició sesión
[2025-07-05 14:59:38] Error al listar playbooks: [Errno None] Unable to connect to port 22 on 192.168.139.131
[2025-07-05 15:01:46] Usuario 'admin' ejecutó: playbook-con-roles.yml
[2025-07-05 15:37:43] Usuario 'admin' cerró sesión
[2025-07-05 15:37:48] Usuario 'admin' ejecutó: playbook-con-roles.yml
[2025-07-05 15:38:20] Usuario 'admin' inició sesión
[2025-07-05 15:39:07] Usuario 'admin' ejecutó: playbook-web.yml
[2025-07-05 15:39:43] Usuario 'admin' ejecutó: playbook-con-roles.yml
[2025-07-05 16:30:42] Usuario 'admin' cerró sesión
[2025-07-05 16:31:23] Usuario 'admin' inició sesión
[2025-07-05 16:46:46] Usuario 'admin' inició sesión
[2025-07-05 16:47:06] Usuario 'admin' ejecutó: playbook-con-roles.yml
